This is pdfTeX, Version 3.14159265-2.6-1.40.17 (TeX Live 2016) (preloaded format=pdflatex 2016.5.22)  11 AUG 2017 10:46
entering extended mode
 restricted \write18 enabled.
 file:line:error style messages enabled.
 %&-line parsing enabled.
**jcolosimo.tex
(./jcolosimo.tex
LaTeX2e <2016/03/31>
Babel <3.9r> and hyphenation patterns for 83 language(s) loaded.
(/usr/local/texlive/2016/texmf-dist/tex/latex/amscls/amsart.cls
Document Class: amsart 2015/03/04 v2.20.2
\linespacing=\dimen102
\normalparindent=\dimen103
\normaltopskip=\skip41
(/usr/local/texlive/2016/texmf-dist/tex/latex/amsmath/amsmath.sty
Package: amsmath 2016/03/10 v2.15b AMS math features
\@mathmargin=\skip42

For additional information on amsmath, use the `?' option.
(/usr/local/texlive/2016/texmf-dist/tex/latex/amsmath/amstext.sty
Package: amstext 2000/06/29 v2.01 AMS text

(/usr/local/texlive/2016/texmf-dist/tex/latex/amsmath/amsgen.sty
File: amsgen.sty 1999/11/30 v2.0 generic functions
\@emptytoks=\toks14
\ex@=\dimen104
))
(/usr/local/texlive/2016/texmf-dist/tex/latex/amsmath/amsbsy.sty
Package: amsbsy 1999/11/29 v1.2d Bold Symbols
\pmbraise@=\dimen105
)
(/usr/local/texlive/2016/texmf-dist/tex/latex/amsmath/amsopn.sty
Package: amsopn 2016/03/08 v2.02 operator names
)
\inf@bad=\count79
LaTeX Info: Redefining \frac on input line 199.
\uproot@=\count80
\leftroot@=\count81
LaTeX Info: Redefining \overline on input line 297.
\classnum@=\count82
\DOTSCASE@=\count83
LaTeX Info: Redefining \ldots on input line 394.
LaTeX Info: Redefining \dots on input line 397.
LaTeX Info: Redefining \cdots on input line 518.
\Mathstrutbox@=\box26
\strutbox@=\box27
\big@size=\dimen106
LaTeX Font Info:    Redeclaring font encoding OML on input line 634.
LaTeX Font Info:    Redeclaring font encoding OMS on input line 635.
\macc@depth=\count84
\c@MaxMatrixCols=\count85
\dotsspace@=\muskip10
\c@parentequation=\count86
\dspbrk@lvl=\count87
\tag@help=\toks15
\row@=\count88
\column@=\count89
\maxfields@=\count90
\andhelp@=\toks16
\eqnshift@=\dimen107
\alignsep@=\dimen108
\tagshift@=\dimen109
\tagwidth@=\dimen110
\totwidth@=\dimen111
\lineht@=\dimen112
\@envbody=\toks17
\multlinegap=\skip43
\multlinetaggap=\skip44
\mathdisplay@stack=\toks18
LaTeX Info: Redefining \[ on input line 2739.
LaTeX Info: Redefining \] on input line 2740.
)
LaTeX Font Info:    Try loading font information for U+msa on input line 388.

(/usr/local/texlive/2016/texmf-dist/tex/latex/amsfonts/umsa.fd
File: umsa.fd 2013/01/14 v3.01 AMS symbols A
)
(/usr/local/texlive/2016/texmf-dist/tex/latex/amsfonts/amsfonts.sty
Package: amsfonts 2013/01/14 v3.01 Basic AMSFonts support
\symAMSa=\mathgroup4
\symAMSb=\mathgroup5
LaTeX Font Info:    Overwriting math alphabet `\mathfrak' in version `bold'
(Font)                  U/euf/m/n --> U/euf/b/n on input line 106.
)
\copyins=\insert199
\abstractbox=\box28
\listisep=\skip45
\c@part=\count91
\c@section=\count92
\c@subsection=\count93
\c@subsubsection=\count94
\c@paragraph=\count95
\c@subparagraph=\count96
\c@figure=\count97
\c@table=\count98
\abovecaptionskip=\skip46
\belowcaptionskip=\skip47
\captionindent=\dimen113
\thm@style=\toks19
\thm@bodyfont=\toks20
\thm@headfont=\toks21
\thm@notefont=\toks22
\thm@headpunct=\toks23
\thm@preskip=\skip48
\thm@postskip=\skip49
\thm@headsep=\skip50
\dth@everypar=\toks24
)
(/usr/local/texlive/2016/texmf-dist/tex/latex/graphics/graphicx.sty
Package: graphicx 2014/10/28 v1.0g Enhanced LaTeX Graphics (DPC,SPQR)

(/usr/local/texlive/2016/texmf-dist/tex/latex/graphics/keyval.sty
Package: keyval 2014/10/28 v1.15 key=value parser (DPC)
\KV@toks@=\toks25
)
(/usr/local/texlive/2016/texmf-dist/tex/latex/graphics/graphics.sty
Package: graphics 2016/05/09 v1.0r Standard LaTeX Graphics (DPC,SPQR)

(/usr/local/texlive/2016/texmf-dist/tex/latex/graphics/trig.sty
Package: trig 2016/01/03 v1.10 sin cos tan (DPC)
)
(/usr/local/texlive/2016/texmf-dist/tex/latex/graphics-cfg/graphics.cfg
File: graphics.cfg 2016/01/02 v1.10 sample graphics configuration
)
Package graphics Info: Driver file: pdftex.def on input line 96.

(/usr/local/texlive/2016/texmf-dist/tex/latex/pdftex-def/pdftex.def
File: pdftex.def 2011/05/27 v0.06d Graphics/color for pdfTeX

(/usr/local/texlive/2016/texmf-dist/tex/generic/oberdiek/infwarerr.sty
Package: infwarerr 2016/05/16 v1.4 Providing info/warning/error messages (HO)
)
(/usr/local/texlive/2016/texmf-dist/tex/generic/oberdiek/ltxcmds.sty
Package: ltxcmds 2016/05/16 v1.23 LaTeX kernel commands for general use (HO)
)
\Gread@gobject=\count99
))
\Gin@req@height=\dimen114
\Gin@req@width=\dimen115
)
(/usr/local/texlive/2016/texmf-dist/tex/latex/booktabs/booktabs.sty
Package: booktabs 2016/04/27 v1.618033 publication quality tables
\heavyrulewidth=\dimen116
\lightrulewidth=\dimen117
\cmidrulewidth=\dimen118
\belowrulesep=\dimen119
\belowbottomsep=\dimen120
\aboverulesep=\dimen121
\abovetopsep=\dimen122
\cmidrulesep=\dimen123
\cmidrulekern=\dimen124
\defaultaddspace=\dimen125
\@cmidla=\count100
\@cmidlb=\count101
\@aboverulesep=\dimen126
\@belowrulesep=\dimen127
\@thisruleclass=\count102
\@lastruleclass=\count103
\@thisrulewidth=\dimen128
)
(./jcolosimo.aux)
\openout1 = `jcolosimo.aux'.

LaTeX Font Info:    Checking defaults for OML/cmm/m/it on input line 5.
LaTeX Font Info:    ... okay on input line 5.
LaTeX Font Info:    Checking defaults for T1/cmr/m/n on input line 5.
LaTeX Font Info:    ... okay on input line 5.
LaTeX Font Info:    Checking defaults for OT1/cmr/m/n on input line 5.
LaTeX Font Info:    ... okay on input line 5.
LaTeX Font Info:    Checking defaults for OMS/cmsy/m/n on input line 5.
LaTeX Font Info:    ... okay on input line 5.
LaTeX Font Info:    Checking defaults for OMX/cmex/m/n on input line 5.
LaTeX Font Info:    ... okay on input line 5.
LaTeX Font Info:    Checking defaults for U/cmr/m/n on input line 5.
LaTeX Font Info:    ... okay on input line 5.
LaTeX Font Info:    Try loading font information for U+msa on input line 5.

(/usr/local/texlive/2016/texmf-dist/tex/latex/amsfonts/umsa.fd
File: umsa.fd 2013/01/14 v3.01 AMS symbols A
)
LaTeX Font Info:    Try loading font information for U+msb on input line 5.

(/usr/local/texlive/2016/texmf-dist/tex/latex/amsfonts/umsb.fd
File: umsb.fd 2013/01/14 v3.01 AMS symbols B
)
(/usr/local/texlive/2016/texmf-dist/tex/context/base/mkii/supp-pdf.mkii
[Loading MPS to PDF converter (version 2006.09.02).]
\scratchcounter=\count104
\scratchdimen=\dimen129
\scratchbox=\box29
\nofMPsegments=\count105
\nofMParguments=\count106
\everyMPshowfont=\toks26
\MPscratchCnt=\count107
\MPscratchDim=\dimen130
\MPnumerator=\count108
\makeMPintoPDFobject=\count109
\everyMPtoPDFconversion=\toks27
) (/usr/local/texlive/2016/texmf-dist/tex/generic/oberdiek/pdftexcmds.sty
Package: pdftexcmds 2016/05/10 v0.21 Utility functions of pdfTeX for LuaTeX (HO
)

(/usr/local/texlive/2016/texmf-dist/tex/generic/oberdiek/ifluatex.sty
Package: ifluatex 2016/05/16 v1.4 Provides the ifluatex switch (HO)
Package ifluatex Info: LuaTeX not detected.
)
(/usr/local/texlive/2016/texmf-dist/tex/generic/oberdiek/ifpdf.sty
Package: ifpdf 2016/05/14 v3.1 Provides the ifpdf switch
)
Package pdftexcmds Info: LuaTeX not detected.
Package pdftexcmds Info: \pdf@primitive is available.
Package pdftexcmds Info: \pdf@ifprimitive is available.
Package pdftexcmds Info: \pdfdraftmode found.
)
(/usr/local/texlive/2016/texmf-dist/tex/latex/oberdiek/epstopdf-base.sty
Package: epstopdf-base 2016/05/15 v2.6 Base part for package epstopdf

(/usr/local/texlive/2016/texmf-dist/tex/latex/oberdiek/grfext.sty
Package: grfext 2016/05/16 v1.2 Manage graphics extensions (HO)

(/usr/local/texlive/2016/texmf-dist/tex/generic/oberdiek/kvdefinekeys.sty
Package: kvdefinekeys 2016/05/16 v1.4 Define keys (HO)
))
(/usr/local/texlive/2016/texmf-dist/tex/latex/oberdiek/kvoptions.sty
Package: kvoptions 2016/05/16 v3.12 Key value format for package options (HO)

(/usr/local/texlive/2016/texmf-dist/tex/generic/oberdiek/kvsetkeys.sty
Package: kvsetkeys 2016/05/16 v1.17 Key value parser (HO)

(/usr/local/texlive/2016/texmf-dist/tex/generic/oberdiek/etexcmds.sty
Package: etexcmds 2016/05/16 v1.6 Avoid name clashes with e-TeX commands (HO)
Package etexcmds Info: Could not find \expanded.
(etexcmds)             That can mean that you are not using pdfTeX 1.50 or
(etexcmds)             that some package has redefined \expanded.
(etexcmds)             In the latter case, load this package earlier.
)))
Package grfext Info: Graphics extension search list:
(grfext)             [.png,.pdf,.jpg,.mps,.jpeg,.jbig2,.jb2,.PNG,.PDF,.JPG,.JPE
G,.JBIG2,.JB2,.eps]
(grfext)             \AppendGraphicsExtensions on input line 456.

(/usr/local/texlive/2016/texmf-dist/tex/latex/latexconfig/epstopdf-sys.cfg
File: epstopdf-sys.cfg 2010/07/13 v1.3 Configuration of (r)epstopdf for TeX Liv
e
))
Overfull \hbox (22.68027pt too wide) in paragraph at lines 11--11
[]$\OML/cmm/m/it/10 b[]$| 
 []


Overfull \hbox (88.78418pt too wide) in paragraph at lines 10--20
 [][] 
 []


Overfull \hbox (22.68027pt too wide) in paragraph at lines 27--27
[]$\OML/cmm/m/it/10 b[]$| 
 []


Overfull \hbox (88.78418pt too wide) in paragraph at lines 26--36
 [][] 
 []


Overfull \hbox (22.68027pt too wide) in paragraph at lines 42--42
[]$\OML/cmm/m/it/10 b[]$| 
 []


Overfull \hbox (88.78418pt too wide) in paragraph at lines 41--51
 [][] 
 []

<weighted.pdf, id=1, 433.62pt x 289.08pt>
File: weighted.pdf Graphic file (type pdf)
 <use weighted.pdf>
Package pdftex.def Info: weighted.pdf used on input line 54.
(pdftex.def)             Requested size: 360.0pt x 240.01132pt.

<testfig.png, id=2, 462.528pt x 346.896pt>
File: testfig.png Graphic file (type png)
 <use testfig.png>
Package pdftex.def Info: testfig.png used on input line 58.
(pdftex.def)             Requested size: 360.0pt x 270.01141pt.


LaTeX Warning: Float too large for page by 68.82826pt on input line 61.

<redshift.png, id=4, 462.528pt x 346.896pt>
File: redshift.png Graphic file (type png)
 <use redshift.png>
Package pdftex.def Info: redshift.png used on input line 65.
(pdftex.def)             Requested size: 360.0pt x 270.01141pt.

<rdshift_ccl.pdf, id=5, 433.62pt x 289.08pt>
File: rdshift_ccl.pdf Graphic file (type pdf)
 <use rdshift_ccl.pdf>
Package pdftex.def Info: rdshift_ccl.pdf used on input line 69.
(pdftex.def)             Requested size: 360.0pt x 240.01132pt.


LaTeX Warning: Float too large for page by 30.8005pt on input line 72.

<error_both.pdf, id=6, 433.62pt x 289.08pt>
File: error_both.pdf Graphic file (type pdf)
 <use error_both.pdf>
Package pdftex.def Info: error_both.pdf used on input line 75.
(pdftex.def)             Requested size: 360.0pt x 240.01132pt.

<error_both_syn.pdf, id=7, 578.16pt x 433.62pt>
File: error_both_syn.pdf Graphic file (type pdf)
 <use error_both_syn.pdf>
Package pdftex.def Info: error_both_syn.pdf used on input line 79.
(pdftex.def)             Requested size: 360.0pt x 269.99951pt.


LaTeX Warning: Float too large for page by 14.89972pt on input line 82.

<covariance.pdf, id=8, 311.6162pt x 253.2549pt>
File: covariance.pdf Graphic file (type pdf)
 <use covariance.pdf>
Package pdftex.def Info: covariance.pdf used on input line 85.
(pdftex.def)             Requested size: 360.0pt x 292.59724pt.

<qso_map.pdf, id=9, 614.295pt x 390.25798pt>
File: qso_map.pdf Graphic file (type pdf)
 <use qso_map.pdf>
Package pdftex.def Info: qso_map.pdf used on input line 91.
(pdftex.def)             Requested size: 360.0pt x 228.7079pt.

<qso_mask.pdf, id=10, 614.295pt x 390.25798pt>
File: qso_mask.pdf Graphic file (type pdf)
 <use qso_mask.pdf>
Package pdftex.def Info: qso_mask.pdf used on input line 95.
(pdftex.def)             Requested size: 360.0pt x 228.7079pt.


LaTeX Warning: Float too large for page by 24.80469pt on input line 98.

<dla_map.pdf, id=11, 614.295pt x 390.25798pt>
File: dla_map.pdf Graphic file (type pdf)
 <use dla_map.pdf>
Package pdftex.def Info: dla_map.pdf used on input line 101.
(pdftex.def)             Requested size: 360.0pt x 228.7079pt.

<dla_mask.pdf, id=12, 614.295pt x 390.25798pt>
File: dla_mask.pdf Graphic file (type pdf)
 <use dla_mask.pdf>
Package pdftex.def Info: dla_mask.pdf used on input line 105.
(pdftex.def)             Requested size: 360.0pt x 228.7079pt.


LaTeX Warning: Float too large for page by 0.80469pt on input line 108.

<cps_predictions_50.pdf, id=13, 395.39595pt x 285.51605pt>
File: cps_predictions_50.pdf Graphic file (type pdf)

<use cps_predictions_50.pdf>
Package pdftex.def Info: cps_predictions_50.pdf used on input line 111.
(pdftex.def)             Requested size: 360.0pt x 259.96812pt.

Overfull \hbox (22.68027pt too wide) in paragraph at lines 120--120
[]$\OML/cmm/m/it/10 b[]$| 
 []


Overfull \hbox (88.78418pt too wide) in paragraph at lines 119--130
 [][] 
 []


Overfull \hbox (22.68027pt too wide) in paragraph at lines 133--133
[]$\OML/cmm/m/it/10 b[]$| 
 []


Overfull \hbox (88.78418pt too wide) in paragraph at lines 132--142
 [][] 
 []


Overfull \hbox (22.68027pt too wide) in paragraph at lines 148--148
[]$\OML/cmm/m/it/10 b[]$| 
 []


Overfull \hbox (88.78418pt too wide) in paragraph at lines 147--157
 [][] 
 []

[1{/usr/local/texlive/2016/texmf-var/fonts/map/pdftex/updmap/pdftex.map}]
[2 <./weighted.pdf> <./testfig.png>] [3 <./redshift.png> <./rdshift_ccl.pdf>]
[4 <./error_both.pdf> <./error_both_syn.pdf

pdfTeX warning: /Library/TeX/texbin/pdflatex (file ./error_both_syn.pdf): PDF i
nclusion: multiple pdfs with page group included in a single page
>] [5] [6 <./covariance.pdf>] [7 <./qso_map.pdf> <./qso_mask.pdf

pdfTeX warning: /Library/TeX/texbin/pdflatex (file ./qso_mask.pdf): PDF inclusi
on: multiple pdfs with page group included in a single page
>] [8 <./dla_map.pdf> <./dla_mask.pdf

pdfTeX warning: /Library/TeX/texbin/pdflatex (file ./dla_mask.pdf): PDF inclusi
on: multiple pdfs with page group included in a single page
>] [9 <./cps_predictions_50.pdf>] (./jcolosimo.aux) ) 
Here is how much of TeX's memory you used:
 2754 strings out of 493014
 36241 string characters out of 6133351
 133754 words of memory out of 5000000
 6100 multiletter control sequences out of 15000+600000
 8740 words of font info for 35 fonts, out of 8000000 for 9000
 1302 hyphenation exceptions out of 8191
 38i,11n,28p,645b,206s stack positions out of 5000i,500n,10000p,200000b,80000s
</usr/local/texlive/2016/t
exmf-dist/fonts/type1/public/amsfonts/cm/cmcsc10.pfb></usr/local/texlive/2016/t
exmf-dist/fonts/type1/public/amsfonts/cm/cmmi10.pfb></usr/local/texlive/2016/te
xmf-dist/fonts/type1/public/amsfonts/cm/cmmi7.pfb></usr/local/texlive/2016/texm
f-dist/fonts/type1/public/amsfonts/cm/cmr10.pfb></usr/local/texlive/2016/texmf-
dist/fonts/type1/public/amsfonts/cm/cmr7.pfb></usr/local/texlive/2016/texmf-dis
t/fonts/type1/public/amsfonts/cm/cmsy10.pfb></usr/local/texlive/2016/texmf-dist
/fonts/type1/public/amsfonts/cm/cmsy7.pfb>
Output written on jcolosimo.pdf (9 pages, 296309 bytes).
PDF statistics:
 403 PDF objects out of 1000 (max. 8388607)
 127 compressed objects within 2 object streams
 0 named destinations out of 1000 (max. 500000)
 61 words of extra memory for PDF output out of 10000 (max. 10000000)

